{
  "stats": {
    "suites": 1,
    "tests": 1,
    "passes": 1,
    "pending": 0,
    "failures": 0,
    "start": "2025-09-18T19:58:35.216Z",
    "end": "2025-09-18T19:58:35.218Z",
    "duration": 2
  },
  "tests": [
    {
      "title": "Using sinon: Mock userService methods",
      "fullTitle": "Auth Tests Using sinon: Mock userService methods",
      "file": "C:\\git\\pessoal\\pgats\\agenda-with-ai\\test\\rest\\controller\\authController.test.js",
      "duration": 1,
      "currentRetry": 0,
      "speed": "fast",
      "err": {}
    }
  ],
  "pending": [],
  "failures": [],
  "passes": [
    {
      "title": "Using sinon: Mock userService methods",
      "fullTitle": "Auth Tests Using sinon: Mock userService methods",
      "file": "C:\\git\\pessoal\\pgats\\agenda-with-ai\\test\\rest\\controller\\authController.test.js",
      "duration": 1,
      "currentRetry": 0,
      "speed": "fast",
      "err": {}
    }
  ]
}
